<?xml version="1.0" encoding="UTF-8"?>
<testng-results ignored="0" total="1" passed="1" failed="0" skipped="0">
  <reporter-output>
  </reporter-output>
  <suite started-at="2025-04-06T01:04:05 IST" name="Suite" finished-at="2025-04-06T01:04:12 IST" duration-ms="7103">
    <groups>
    </groups>
    <test started-at="2025-04-06T01:04:05 IST" name="Test" finished-at="2025-04-06T01:04:12 IST" duration-ms="7103">
      <class name="TestCases.TC002_LoginTest">
        <test-method is-config="true" signature="setup(java.lang.String,java.lang.String)[pri:0, instance:TestCases.TC002_LoginTest@51dcb805]" started-at="2025-04-06T01:04:05 IST" name="setup" finished-at="2025-04-06T01:04:09 IST" duration-ms="4170" status="PASS">
          <params>
            <param index="0">
              <value>
                <![CDATA[windows]]>
              </value>
            </param>
            <param index="1">
              <value>
                <![CDATA[chrome]]>
              </value>
            </param>
          </params>
          <reporter-output>
          </reporter-output>
        </test-method> <!-- setup -->
        <test-method signature="validlogin()[pri:0, instance:TestCases.TC002_LoginTest@51dcb805]" started-at="2025-04-06T01:04:09 IST" name="validlogin" finished-at="2025-04-06T01:04:12 IST" duration-ms="2734" status="PASS">
          <reporter-output>
          </reporter-output>
        </test-method> <!-- validlogin -->
        <test-method is-config="true" signature="teardown()[pri:0, instance:TestCases.TC002_LoginTest@51dcb805]" started-at="2025-04-06T01:04:12 IST" name="teardown" finished-at="2025-04-06T01:04:12 IST" duration-ms="164" status="PASS">
          <reporter-output>
          </reporter-output>
        </test-method> <!-- teardown -->
      </class> <!-- TestCases.TC002_LoginTest -->
    </test> <!-- Test -->
  </suite> <!-- Suite -->
</testng-results>
